02:25:26,992 ERROR main PropertyManager:getProps:53 - File does not exist
java.io.FileNotFoundException: configForAnnot.properties (Не удается найти указанный файл)
	at java.io.FileInputStream.open(Native Method)
	at java.io.FileInputStream.<init>(FileInputStream.java:131)
	at java.io.FileReader.<init>(FileReader.java:72)
	at com.senlaCourse.annotation.property.PropertyManager.getProps(PropertyManager.java:50)
	at com.senlaCourse.annotation.config.AutoConfigurationProgramm.configureObject(AutoConfigurationProgramm.java:45)
	at com.senlaCourse.annotation.runner.Runner.main(Runner.java:10)
02:30:15,969 ERROR main PropertyManager:getProps:53 - File does not exist
java.io.FileNotFoundException: configForAnnot.properties (Не удается найти указанный файл)
	at java.io.FileInputStream.open(Native Method)
	at java.io.FileInputStream.<init>(FileInputStream.java:131)
	at java.io.FileReader.<init>(FileReader.java:72)
	at com.senlaCourse.annotation.property.PropertyManager.getProps(PropertyManager.java:50)
	at com.senlaCourse.annotation.config.AutoConfigurationProgramm.configureObject(AutoConfigurationProgramm.java:45)
	at com.senlaCourse.annotation.runner.Runner.main(Runner.java:10)
02:39:26,325 ERROR main PropertyManager:getProps:53 - File does not exist
java.io.FileNotFoundException: com\senlaCourse\annotation\property\configForAnnot.properties (Системе не удается найти указанный путь)
	at java.io.FileInputStream.open(Native Method)
	at java.io.FileInputStream.<init>(FileInputStream.java:131)
	at java.io.FileReader.<init>(FileReader.java:72)
	at com.senlaCourse.annotation.property.PropertyManager.getProps(PropertyManager.java:50)
	at com.senlaCourse.annotation.config.AutoConfigurationProgramm.configureObject(AutoConfigurationProgramm.java:45)
	at com.senlaCourse.annotation.runner.Runner.main(Runner.java:10)
02:42:32,695 ERROR main PropertyManager:getProps:53 - File does not exist
java.io.FileNotFoundException: com.senlaCourse.annotation.property.configForAnnot.properties (Не удается найти указанный файл)
	at java.io.FileInputStream.open(Native Method)
	at java.io.FileInputStream.<init>(FileInputStream.java:131)
	at java.io.FileReader.<init>(FileReader.java:72)
	at com.senlaCourse.annotation.property.PropertyManager.getProps(PropertyManager.java:50)
	at com.senlaCourse.annotation.config.AutoConfigurationProgramm.configureObject(AutoConfigurationProgramm.java:45)
	at com.senlaCourse.annotation.runner.Runner.main(Runner.java:10)
02:52:33,111 ERROR main PropertyManager:getProps:53 - File does not exist
java.io.FileNotFoundException: configForAnnot.properties (Не удается найти указанный файл)
	at java.io.FileInputStream.open(Native Method)
	at java.io.FileInputStream.<init>(FileInputStream.java:131)
	at java.io.FileReader.<init>(FileReader.java:72)
	at com.senlaCourse.annotation.property.PropertyManager.getProps(PropertyManager.java:50)
	at com.senlaCourse.annotation.config.AutoConfigurationProgramm.configureObject(AutoConfigurationProgramm.java:45)
	at com.senlaCourse.annotation.runner.Runner.main(Runner.java:10)
03:21:27,368 ERROR main PropertyManager:getProps:54 - File does not exist
java.io.FileNotFoundException: configForAnnot.properties (Не удается найти указанный файл)
	at java.io.FileInputStream.open(Native Method)
	at java.io.FileInputStream.<init>(FileInputStream.java:131)
	at java.io.FileReader.<init>(FileReader.java:72)
	at com.senlaCourse.annotation.property.PropertyManager.getProps(PropertyManager.java:50)
	at com.senlaCourse.annotation.config.AutoConfigurationProgramm.configureObject(AutoConfigurationProgramm.java:45)
	at com.senlaCourse.annotation.runner.Runner.main(Runner.java:10)
03:23:27,906 ERROR main PropertyManager:getProps:51 - File does not exist
java.io.FileNotFoundException: configForAnnot.properties (Не удается найти указанный файл)
	at java.io.FileInputStream.open(Native Method)
	at java.io.FileInputStream.<init>(FileInputStream.java:131)
	at com.senlaCourse.annotation.property.PropertyManager.getProps(PropertyManager.java:47)
	at com.senlaCourse.annotation.config.AutoConfigurationProgramm.configureObject(AutoConfigurationProgramm.java:45)
	at com.senlaCourse.annotation.runner.Runner.main(Runner.java:10)
03:26:06,903 ERROR main PropertyManager:getProps:51 - File does not exist
java.io.FileNotFoundException: Annotation\resources\configForAnnotation.properties (Не удается найти указанный файл)
	at java.io.FileInputStream.open(Native Method)
	at java.io.FileInputStream.<init>(FileInputStream.java:131)
	at com.senlaCourse.annotation.property.PropertyManager.getProps(PropertyManager.java:47)
	at com.senlaCourse.annotation.config.AutoConfigurationProgramm.configureObject(AutoConfigurationProgramm.java:45)
	at com.senlaCourse.annotation.runner.Runner.main(Runner.java:10)
03:46:45,325 ERROR main PropertyManager:getProps:38 - File does not exist
java.io.FileNotFoundException: configForAnnot.properties (Не удается найти указанный файл)
	at java.io.FileInputStream.open(Native Method)
	at java.io.FileInputStream.<init>(FileInputStream.java:131)
	at com.senlaCourse.annotation.property.PropertyManager.getProps(PropertyManager.java:34)
	at com.senlaCourse.annotation.config.AutoConfigurationProgramm.configureObject(AutoConfigurationProgramm.java:45)
	at com.senlaCourse.annotation.runner.Runner.main(Runner.java:10)
03:55:29,145 ERROR main PropertyManager:getProps:38 - File does not exist
java.io.FileNotFoundException: configForAnnot.properties (Не удается найти указанный файл)
	at java.io.FileInputStream.open(Native Method)
	at java.io.FileInputStream.<init>(FileInputStream.java:131)
	at com.senlaCourse.annotation.property.PropertyManager.getProps(PropertyManager.java:34)
	at com.senlaCourse.annotation.config.AutoConfigurationProgramm.configureObject(AutoConfigurationProgramm.java:42)
	at com.senlaCourse.annotation.runner.Runner.main(Runner.java:10)
06:36:00,343 ERROR main DependancyInjection:load:28 - Couldn't find an implementation
java.lang.ClassNotFoundException: com.senlaCourse.autoservice.api.story.IOrderStoreImpl
	at java.net.URLClassLoader$1.run(URLClassLoader.java:372)
	at java.net.URLClassLoader$1.run(URLClassLoader.java:361)
	at java.security.AccessController.doPrivileged(Native Method)
	at java.net.URLClassLoader.findClass(URLClassLoader.java:360)
	at java.lang.ClassLoader.loadClass(ClassLoader.java:424)
	at sun.misc.Launcher$AppClassLoader.loadClass(Launcher.java:308)
	at java.lang.ClassLoader.loadClass(ClassLoader.java:357)
	at java.lang.Class.forName0(Native Method)
	at java.lang.Class.forName(Class.java:259)
	at com.senlaCourse.autoservice.dependancy.DependancyInjection.load(DependancyInjection.java:25)
	at com.senlaCourse.autoservice.controller.ControllerImpl.<init>(ControllerImpl.java:51)
	at com.senlaCourse.autoservice.controller.ControllerImpl.getInstance(ControllerImpl.java:67)
	at viewModule.actions.actionObject.ActionAddMaster.execute(ActionAddMaster.java:16)
	at viewModule.menuItems.MenuItem.doAction(MenuItem.java:42)
	at viewModule.navigator.Navigator.navigate(Navigator.java:19)
	at viewModule.menuController.MenuController.run(MenuController.java:23)
	at viewModule.runner.Runner.main(Runner.java:8)
06:36:00,356 ERROR main DependancyInjection:load:28 - Couldn't find an implementation
java.lang.ClassNotFoundException: com.senlaCourse.autoservice.api.story.IMasterStoreImpl
	at java.net.URLClassLoader$1.run(URLClassLoader.java:372)
	at java.net.URLClassLoader$1.run(URLClassLoader.java:361)
	at java.security.AccessController.doPrivileged(Native Method)
	at java.net.URLClassLoader.findClass(URLClassLoader.java:360)
	at java.lang.ClassLoader.loadClass(ClassLoader.java:424)
	at sun.misc.Launcher$AppClassLoader.loadClass(Launcher.java:308)
	at java.lang.ClassLoader.loadClass(ClassLoader.java:357)
	at java.lang.Class.forName0(Native Method)
	at java.lang.Class.forName(Class.java:259)
	at com.senlaCourse.autoservice.dependancy.DependancyInjection.load(DependancyInjection.java:25)
	at com.senlaCourse.autoservice.controller.ControllerImpl.<init>(ControllerImpl.java:53)
	at com.senlaCourse.autoservice.controller.ControllerImpl.getInstance(ControllerImpl.java:67)
	at viewModule.actions.actionObject.ActionAddMaster.execute(ActionAddMaster.java:16)
	at viewModule.menuItems.MenuItem.doAction(MenuItem.java:42)
	at viewModule.navigator.Navigator.navigate(Navigator.java:19)
	at viewModule.menuController.MenuController.run(MenuController.java:23)
	at viewModule.runner.Runner.main(Runner.java:8)
06:39:37,264 ERROR main DependancyInjection:load:28 - Couldn't find an implementation
java.lang.ClassNotFoundException: com.senlaCourse.autoservice.api.story.IMasterStoreImpl
	at java.net.URLClassLoader$1.run(URLClassLoader.java:372)
	at java.net.URLClassLoader$1.run(URLClassLoader.java:361)
	at java.security.AccessController.doPrivileged(Native Method)
	at java.net.URLClassLoader.findClass(URLClassLoader.java:360)
	at java.lang.ClassLoader.loadClass(ClassLoader.java:424)
	at sun.misc.Launcher$AppClassLoader.loadClass(Launcher.java:308)
	at java.lang.ClassLoader.loadClass(ClassLoader.java:357)
	at java.lang.Class.forName0(Native Method)
	at java.lang.Class.forName(Class.java:259)
	at com.senlaCourse.autoservice.dependancy.DependancyInjection.load(DependancyInjection.java:25)
	at com.senlaCourse.autoservice.controller.ControllerImpl.<init>(ControllerImpl.java:53)
	at com.senlaCourse.autoservice.controller.ControllerImpl.getInstance(ControllerImpl.java:67)
	at viewModule.actions.actionObject.ActionAddMaster.execute(ActionAddMaster.java:16)
	at viewModule.menuItems.MenuItem.doAction(MenuItem.java:42)
	at viewModule.navigator.Navigator.navigate(Navigator.java:19)
	at viewModule.menuController.MenuController.run(MenuController.java:23)
	at viewModule.runner.Runner.main(Runner.java:8)
06:43:42,667 ERROR main DependancyInjection:load:29 - Couldn't find an implementation
java.lang.InstantiationException: com.senlaCourse.autoservice.api.story.IMasterStore
	at java.lang.Class.newInstance(Class.java:418)
	at com.senlaCourse.autoservice.dependancy.DependancyInjection.load(DependancyInjection.java:27)
	at com.senlaCourse.autoservice.controller.ControllerImpl.<init>(ControllerImpl.java:53)
	at com.senlaCourse.autoservice.controller.ControllerImpl.getInstance(ControllerImpl.java:67)
	at viewModule.actions.actionObject.ActionAddMaster.execute(ActionAddMaster.java:16)
	at viewModule.menuItems.MenuItem.doAction(MenuItem.java:42)
	at viewModule.navigator.Navigator.navigate(Navigator.java:19)
	at viewModule.menuController.MenuController.run(MenuController.java:23)
	at viewModule.runner.Runner.main(Runner.java:8)
Caused by: java.lang.NoSuchMethodException: com.senlaCourse.autoservice.api.story.IMasterStore.<init>()
	at java.lang.Class.getConstructor0(Class.java:2971)
	at java.lang.Class.newInstance(Class.java:403)
	... 8 more
13:01:15,824 ERROR main PropertyManager:getProps:25 - File does not exist
java.io.FileNotFoundException: configForAnnot.properties (Не удается найти указанный файл)
	at java.io.FileInputStream.open(Native Method)
	at java.io.FileInputStream.<init>(FileInputStream.java:131)
	at com.senlaCourse.annotation.property.PropertyManager.getProps(PropertyManager.java:21)
	at com.senlaCourse.annotation.config.AutoConfigurationProgramm.configureObject(AutoConfigurationProgramm.java:41)
	at com.senlaCourse.annotation.runner.Runner.main(Runner.java:9)
18:37:08,878 ERROR main PropertyManager:getProps:26 - Can not read file
java.io.FileNotFoundException: configForAnnot.properties (Не удается найти указанный файл)
	at java.io.FileInputStream.open(Native Method)
	at java.io.FileInputStream.<init>(FileInputStream.java:131)
	at com.senlaCourse.annotation.property.PropertyManager.getProps(PropertyManager.java:21)
	at com.senlaCourse.annotation.config.AutoConfigurationProgramm.configureObject(AutoConfigurationProgramm.java:40)
	at com.senlaCourse.annotation.runner.Runner.main(Runner.java:8)
18:38:31,907 ERROR main PropertyManager:getProps:26 - Can not read file
java.io.FileNotFoundException: resources\configForAnnot.properties (Не удается найти указанный файл)
	at java.io.FileInputStream.open(Native Method)
	at java.io.FileInputStream.<init>(FileInputStream.java:131)
	at com.senlaCourse.annotation.property.PropertyManager.getProps(PropertyManager.java:21)
	at com.senlaCourse.annotation.config.AutoConfigurationProgramm.configureObject(AutoConfigurationProgramm.java:40)
	at com.senlaCourse.annotation.runner.Runner.main(Runner.java:8)
18:38:53,146 ERROR main PropertyManager:getProps:26 - Can not read file
java.io.FileNotFoundException: configForAnnot.properties (Не удается найти указанный файл)
	at java.io.FileInputStream.open(Native Method)
	at java.io.FileInputStream.<init>(FileInputStream.java:131)
	at com.senlaCourse.annotation.property.PropertyManager.getProps(PropertyManager.java:21)
	at com.senlaCourse.annotation.config.AutoConfigurationProgramm.configureObject(AutoConfigurationProgramm.java:40)
	at com.senlaCourse.annotation.runner.Runner.main(Runner.java:8)
18:40:41,028 ERROR main PropertyManager:getProps:26 - Can not read file
java.io.FileNotFoundException: configForAnnot.properties (Не удается найти указанный файл)
	at java.io.FileInputStream.open(Native Method)
	at java.io.FileInputStream.<init>(FileInputStream.java:131)
	at java.io.FileReader.<init>(FileReader.java:72)
	at com.senlaCourse.annotation.property.PropertyManager.getProps(PropertyManager.java:21)
	at com.senlaCourse.annotation.config.AutoConfigurationProgramm.configureObject(AutoConfigurationProgramm.java:40)
	at com.senlaCourse.annotation.runner.Runner.main(Runner.java:8)
18:42:07,485 ERROR main PropertyManager:getProps:26 - Can not read file
java.io.FileNotFoundException: configForAnnot.properties (Не удается найти указанный файл)
	at java.io.FileInputStream.open(Native Method)
	at java.io.FileInputStream.<init>(FileInputStream.java:131)
	at com.senlaCourse.annotation.property.PropertyManager.getProps(PropertyManager.java:21)
	at com.senlaCourse.annotation.config.AutoConfigurationProgramm.configureObject(AutoConfigurationProgramm.java:40)
	at com.senlaCourse.annotation.runner.Runner.main(Runner.java:8)
18:42:37,825 ERROR main PropertyManager:getProps:26 - Can not read file
java.io.FileNotFoundException: \resources\configForAnnot.properties (Системе не удается найти указанный путь)
	at java.io.FileInputStream.open(Native Method)
	at java.io.FileInputStream.<init>(FileInputStream.java:131)
	at com.senlaCourse.annotation.property.PropertyManager.getProps(PropertyManager.java:21)
	at com.senlaCourse.annotation.config.AutoConfigurationProgramm.configureObject(AutoConfigurationProgramm.java:40)
	at com.senlaCourse.annotation.runner.Runner.main(Runner.java:8)
18:53:33,516 ERROR main PropertyManager:getProps:26 - Can not read file
java.io.FileNotFoundException: configDI.properies (Не удается найти указанный файл)
	at java.io.FileInputStream.open(Native Method)
	at java.io.FileInputStream.<init>(FileInputStream.java:131)
	at com.senlaCourse.annotation.property.PropertyManager.getProps(PropertyManager.java:21)
	at com.senlaCourse.autoservice.dependancy.DependancyInjection.load(DependancyInjection.java:27)
	at com.senlaCourse.autoservice.controller.ControllerImpl.<init>(ControllerImpl.java:52)
	at com.senlaCourse.autoservice.controller.ControllerImpl.getInstance(ControllerImpl.java:68)
	at viewModule.actions.actionObject.ActionAddMaster.execute(ActionAddMaster.java:16)
	at viewModule.menuItems.MenuItem.doAction(MenuItem.java:42)
	at viewModule.navigator.Navigator.navigate(Navigator.java:19)
	at viewModule.menuController.MenuController.run(MenuController.java:23)
	at viewModule.runner.Runner.main(Runner.java:8)
18:56:20,782 ERROR main PropertyManager:getProps:26 - Can not read file
java.io.FileNotFoundException: AutoserviceNewView\resources\configDI.properies (Системе не удается найти указанный путь)
	at java.io.FileInputStream.open(Native Method)
	at java.io.FileInputStream.<init>(FileInputStream.java:131)
	at com.senlaCourse.annotation.property.PropertyManager.getProps(PropertyManager.java:21)
	at com.senlaCourse.autoservice.dependancy.DependancyInjection.load(DependancyInjection.java:27)
	at com.senlaCourse.autoservice.controller.ControllerImpl.<init>(ControllerImpl.java:52)
	at com.senlaCourse.autoservice.controller.ControllerImpl.getInstance(ControllerImpl.java:68)
	at viewModule.actions.actionObject.ActionAddMaster.execute(ActionAddMaster.java:16)
	at viewModule.menuItems.MenuItem.doAction(MenuItem.java:42)
	at viewModule.navigator.Navigator.navigate(Navigator.java:19)
	at viewModule.menuController.MenuController.run(MenuController.java:23)
	at viewModule.runner.Runner.main(Runner.java:8)
18:57:35,163 ERROR main PropertyManager:getProps:26 - Can not read file
java.io.FileNotFoundException: \resources\configDI.properies (Системе не удается найти указанный путь)
	at java.io.FileInputStream.open(Native Method)
	at java.io.FileInputStream.<init>(FileInputStream.java:131)
	at com.senlaCourse.annotation.property.PropertyManager.getProps(PropertyManager.java:21)
	at com.senlaCourse.autoservice.dependancy.DependancyInjection.load(DependancyInjection.java:27)
	at com.senlaCourse.autoservice.controller.ControllerImpl.<init>(ControllerImpl.java:52)
	at com.senlaCourse.autoservice.controller.ControllerImpl.getInstance(ControllerImpl.java:68)
	at viewModule.actions.actionObject.ActionAddMaster.execute(ActionAddMaster.java:16)
	at viewModule.menuItems.MenuItem.doAction(MenuItem.java:42)
	at viewModule.navigator.Navigator.navigate(Navigator.java:19)
	at viewModule.menuController.MenuController.run(MenuController.java:23)
	at viewModule.runner.Runner.main(Runner.java:8)
19:00:04,750 ERROR main PropertyManager:getProps:26 - Can not read file
java.io.FileNotFoundException: \resources\configDI.properties (Системе не удается найти указанный путь)
	at java.io.FileInputStream.open(Native Method)
	at java.io.FileInputStream.<init>(FileInputStream.java:131)
	at com.senlaCourse.annotation.property.PropertyManager.getProps(PropertyManager.java:21)
	at com.senlaCourse.autoservice.dependancy.DependancyInjection.load(DependancyInjection.java:27)
	at com.senlaCourse.autoservice.controller.ControllerImpl.<init>(ControllerImpl.java:52)
	at com.senlaCourse.autoservice.controller.ControllerImpl.getInstance(ControllerImpl.java:68)
	at viewModule.actions.actionObject.ActionAddMaster.execute(ActionAddMaster.java:16)
	at viewModule.menuItems.MenuItem.doAction(MenuItem.java:42)
	at viewModule.navigator.Navigator.navigate(Navigator.java:19)
	at viewModule.menuController.MenuController.run(MenuController.java:23)
	at viewModule.runner.Runner.main(Runner.java:8)
19:01:01,613 ERROR main PropertyManager:getProps:26 - Can not read file
java.io.FileNotFoundException: AutoserviceNewView\resources\configDI.properties (Системе не удается найти указанный путь)
	at java.io.FileInputStream.open(Native Method)
	at java.io.FileInputStream.<init>(FileInputStream.java:131)
	at com.senlaCourse.annotation.property.PropertyManager.getProps(PropertyManager.java:21)
	at com.senlaCourse.autoservice.dependancy.DependancyInjection.load(DependancyInjection.java:27)
	at com.senlaCourse.autoservice.controller.ControllerImpl.<init>(ControllerImpl.java:52)
	at com.senlaCourse.autoservice.controller.ControllerImpl.getInstance(ControllerImpl.java:68)
	at viewModule.actions.actionObject.ActionAddMaster.execute(ActionAddMaster.java:16)
	at viewModule.menuItems.MenuItem.doAction(MenuItem.java:42)
	at viewModule.navigator.Navigator.navigate(Navigator.java:19)
	at viewModule.menuController.MenuController.run(MenuController.java:23)
	at viewModule.runner.Runner.main(Runner.java:8)
